{"C:\\Users\\joaop\\Desktop\\graphql-prisma-mongo\\src\\resolvers.ts": {"path":"C:\\Users\\joaop\\Desktop\\graphql-prisma-mongo\\src\\resolvers.ts","statementMap":{"0":{"start":{"line":11,"column":18},"end":{"line":36,"column":1}},"1":{"start":{"line":18,"column":6},"end":{"line":21,"column":9}},"2":{"start":{"line":25,"column":6},"end":{"line":25,"column":42}},"3":{"start":{"line":29,"column":6},"end":{"line":29,"column":42}},"4":{"start":{"line":33,"column":6},"end":{"line":33,"column":41}}},"fnMap":{"0":{"name":"(anonymous_0)","decl":{"start":{"line":17,"column":4},"end":{"line":17,"column":5}},"loc":{"start":{"line":17,"column":47},"end":{"line":22,"column":5}},"line":17},"1":{"name":"(anonymous_1)","decl":{"start":{"line":24,"column":4},"end":{"line":24,"column":5}},"loc":{"start":{"line":24,"column":51},"end":{"line":26,"column":5}},"line":24},"2":{"name":"(anonymous_2)","decl":{"start":{"line":28,"column":4},"end":{"line":28,"column":5}},"loc":{"start":{"line":28,"column":51},"end":{"line":30,"column":5}},"line":28},"3":{"name":"(anonymous_3)","decl":{"start":{"line":32,"column":4},"end":{"line":32,"column":5}},"loc":{"start":{"line":32,"column":47},"end":{"line":34,"column":5}},"line":32}},"branchMap":{},"s":{"0":1,"1":1,"2":1,"3":1,"4":1},"f":{"0":1,"1":1,"2":1,"3":1},"b":{},"_coverageSchema":"1a1c01bbd47fc00a2c39e90264f33305004495a9","hash":"d7c90484da93f9b4bf02cb83ca384661c767ca5c"}
,"C:\\Users\\joaop\\Desktop\\graphql-prisma-mongo\\src\\schemas.ts": {"path":"C:\\Users\\joaop\\Desktop\\graphql-prisma-mongo\\src\\schemas.ts","statementMap":{"0":{"start":{"line":3,"column":17},"end":{"line":43,"column":1}}},"fnMap":{},"branchMap":{},"s":{"0":1},"f":{},"b":{},"_coverageSchema":"1a1c01bbd47fc00a2c39e90264f33305004495a9","hash":"501f33b247b7893e7f44ea9e2acccdd1f121ff33"}
,"C:\\Users\\joaop\\Desktop\\graphql-prisma-mongo\\src\\server\\resolvers\\car.resolver.ts": {"path":"C:\\Users\\joaop\\Desktop\\graphql-prisma-mongo\\src\\server\\resolvers\\car.resolver.ts","statementMap":{"0":{"start":{"line":4,"column":15},"end":{"line":4,"column":33}},"1":{"start":{"line":6,"column":2},"end":{"line":6,"column":37}},"2":{"start":{"line":10,"column":2},"end":{"line":15,"column":5}},"3":{"start":{"line":19,"column":2},"end":{"line":23,"column":5}}},"fnMap":{"0":{"name":"GetCar","decl":{"start":{"line":5,"column":15},"end":{"line":5,"column":21}},"loc":{"start":{"line":5,"column":24},"end":{"line":7,"column":1}},"line":5},"1":{"name":"CreateCar","decl":{"start":{"line":9,"column":15},"end":{"line":9,"column":24}},"loc":{"start":{"line":9,"column":67},"end":{"line":16,"column":1}},"line":9},"2":{"name":"RemoveCar","decl":{"start":{"line":18,"column":15},"end":{"line":18,"column":24}},"loc":{"start":{"line":18,"column":40},"end":{"line":24,"column":1}},"line":18}},"branchMap":{},"s":{"0":1,"1":1,"2":1,"3":1},"f":{"0":1,"1":1,"2":1},"b":{},"_coverageSchema":"1a1c01bbd47fc00a2c39e90264f33305004495a9","hash":"e61fea89dbde2587e82321b63cfb008fff1cbfc6"}
,"C:\\Users\\joaop\\Desktop\\graphql-prisma-mongo\\src\\server\\resolvers\\company.resolver.ts": {"path":"C:\\Users\\joaop\\Desktop\\graphql-prisma-mongo\\src\\server\\resolvers\\company.resolver.ts","statementMap":{"0":{"start":{"line":4,"column":15},"end":{"line":4,"column":33}},"1":{"start":{"line":7,"column":2},"end":{"line":13,"column":5}},"2":{"start":{"line":17,"column":2},"end":{"line":17,"column":41}},"3":{"start":{"line":21,"column":2},"end":{"line":25,"column":5}}},"fnMap":{"0":{"name":"CreateCompany","decl":{"start":{"line":6,"column":15},"end":{"line":6,"column":28}},"loc":{"start":{"line":6,"column":47},"end":{"line":14,"column":1}},"line":6},"1":{"name":"GetCompany","decl":{"start":{"line":16,"column":15},"end":{"line":16,"column":25}},"loc":{"start":{"line":16,"column":28},"end":{"line":18,"column":1}},"line":16},"2":{"name":"RemoveCompany","decl":{"start":{"line":20,"column":15},"end":{"line":20,"column":28}},"loc":{"start":{"line":20,"column":54},"end":{"line":26,"column":1}},"line":20}},"branchMap":{},"s":{"0":1,"1":1,"2":1,"3":1},"f":{"0":1,"1":1,"2":1},"b":{},"_coverageSchema":"1a1c01bbd47fc00a2c39e90264f33305004495a9","hash":"9fd3f67b5712eb6209d43eed6530f8ed4c4ccf3d"}
}
