TN:
SF:src\resolvers.ts
FN:17,(anonymous_0)
FN:24,(anonymous_1)
FN:28,(anonymous_2)
FN:32,(anonymous_3)
FNF:4
FNH:4
FNDA:1,(anonymous_0)
FNDA:1,(anonymous_1)
FNDA:1,(anonymous_2)
FNDA:1,(anonymous_3)
DA:11,1
DA:18,1
DA:25,1
DA:29,1
DA:33,1
LF:5
LH:5
BRF:0
BRH:0
end_of_record
TN:
SF:src\schemas.ts
FNF:0
FNH:0
DA:3,1
LF:1
LH:1
BRF:0
BRH:0
end_of_record
TN:
SF:src\server\resolvers\car.resolver.ts
FN:5,GetCar
FN:9,CreateCar
FN:18,RemoveCar
FNF:3
FNH:3
FNDA:1,GetCar
FNDA:1,CreateCar
FNDA:1,RemoveCar
DA:4,1
DA:6,1
DA:10,1
DA:19,1
LF:4
LH:4
BRF:0
BRH:0
end_of_record
TN:
SF:src\server\resolvers\company.resolver.ts
FN:6,CreateCompany
FN:16,GetCompany
FN:20,RemoveCompany
FNF:3
FNH:3
FNDA:1,CreateCompany
FNDA:1,GetCompany
FNDA:1,RemoveCompany
DA:4,1
DA:7,1
DA:17,1
DA:21,1
LF:4
LH:4
BRF:0
BRH:0
end_of_record
